[0.622s] Invoking command in '/home/daria/catkin_nswr/src/nswr_ouster': PYTHONPATH=/home/daria/catkin_nswr/build/nswr_ouster/prefix_override:/home/daria/catkin_nswr/install/nswr_ouster/lib/python3.10/site-packages:${PYTHONPATH} /usr/bin/python3 -W ignore:setup.py install is deprecated setup.py egg_info --egg-base ../../build/nswr_ouster build --build-base /home/daria/catkin_nswr/build/nswr_ouster/build install --record /home/daria/catkin_nswr/build/nswr_ouster/install.log --single-version-externally-managed install_data
[0.857s] running egg_info
[0.858s] writing ../../build/nswr_ouster/nswr_ouster.egg-info/PKG-INFO
[0.858s] writing dependency_links to ../../build/nswr_ouster/nswr_ouster.egg-info/dependency_links.txt
[0.858s] writing entry points to ../../build/nswr_ouster/nswr_ouster.egg-info/entry_points.txt
[0.858s] writing requirements to ../../build/nswr_ouster/nswr_ouster.egg-info/requires.txt
[0.858s] writing top-level names to ../../build/nswr_ouster/nswr_ouster.egg-info/top_level.txt
[0.859s] reading manifest file '../../build/nswr_ouster/nswr_ouster.egg-info/SOURCES.txt'
[0.860s] writing manifest file '../../build/nswr_ouster/nswr_ouster.egg-info/SOURCES.txt'
[0.860s] running build
[0.860s] running build_py
[0.860s] copying nswr_ouster/nswr_ouster.py -> /home/daria/catkin_nswr/build/nswr_ouster/build/lib/nswr_ouster
[0.860s] running install
[0.861s] running install_lib
[0.861s] copying /home/daria/catkin_nswr/build/nswr_ouster/build/lib/nswr_ouster/nswr_ouster.py -> /home/daria/catkin_nswr/install/nswr_ouster/lib/python3.10/site-packages/nswr_ouster
[0.862s] byte-compiling /home/daria/catkin_nswr/install/nswr_ouster/lib/python3.10/site-packages/nswr_ouster/nswr_ouster.py to nswr_ouster.cpython-310.pyc
[0.862s] running install_data
[0.862s] running install_egg_info
[0.864s] removing '/home/daria/catkin_nswr/install/nswr_ouster/lib/python3.10/site-packages/nswr_ouster-0.0.0-py3.10.egg-info' (and everything under it)
[0.864s] Copying ../../build/nswr_ouster/nswr_ouster.egg-info to /home/daria/catkin_nswr/install/nswr_ouster/lib/python3.10/site-packages/nswr_ouster-0.0.0-py3.10.egg-info
[0.865s] running install_scripts
[0.880s] Installing nswr_ouster script to /home/daria/catkin_nswr/install/nswr_ouster/lib/nswr_ouster
[0.880s] writing list of installed files to '/home/daria/catkin_nswr/build/nswr_ouster/install.log'
[0.898s] Invoked command in '/home/daria/catkin_nswr/src/nswr_ouster' returned '0': PYTHONPATH=/home/daria/catkin_nswr/build/nswr_ouster/prefix_override:/home/daria/catkin_nswr/install/nswr_ouster/lib/python3.10/site-packages:${PYTHONPATH} /usr/bin/python3 -W ignore:setup.py install is deprecated setup.py egg_info --egg-base ../../build/nswr_ouster build --build-base /home/daria/catkin_nswr/build/nswr_ouster/build install --record /home/daria/catkin_nswr/build/nswr_ouster/install.log --single-version-externally-managed install_data
