[0.784s] Invoking command in '/home/daria/catkin_nswr/src/nswr_ouster': PYTHONPATH=/home/daria/catkin_nswr/build/nswr_ouster/prefix_override:/home/daria/catkin_nswr/install/nswr_ouster/lib/python3.10/site-packages:${PYTHONPATH} /usr/bin/python3 -W ignore:setup.py install is deprecated setup.py egg_info --egg-base ../../build/nswr_ouster build --build-base /home/daria/catkin_nswr/build/nswr_ouster/build install --record /home/daria/catkin_nswr/build/nswr_ouster/install.log --single-version-externally-managed install_data
[1.062s] running egg_info
[1.063s] writing ../../build/nswr_ouster/nswr_ouster.egg-info/PKG-INFO
[1.063s] writing dependency_links to ../../build/nswr_ouster/nswr_ouster.egg-info/dependency_links.txt
[1.063s] writing entry points to ../../build/nswr_ouster/nswr_ouster.egg-info/entry_points.txt
[1.063s] writing requirements to ../../build/nswr_ouster/nswr_ouster.egg-info/requires.txt
[1.063s] writing top-level names to ../../build/nswr_ouster/nswr_ouster.egg-info/top_level.txt
[1.065s] reading manifest file '../../build/nswr_ouster/nswr_ouster.egg-info/SOURCES.txt'
[1.066s] writing manifest file '../../build/nswr_ouster/nswr_ouster.egg-info/SOURCES.txt'
[1.066s] running build
[1.066s] running build_py
[1.067s] copying nswr_ouster/nswr_ouster.py -> /home/daria/catkin_nswr/build/nswr_ouster/build/lib/nswr_ouster
[1.067s] running install
[1.067s] running install_lib
[1.068s] copying /home/daria/catkin_nswr/build/nswr_ouster/build/lib/nswr_ouster/nswr_ouster.py -> /home/daria/catkin_nswr/install/nswr_ouster/lib/python3.10/site-packages/nswr_ouster
[1.069s] byte-compiling /home/daria/catkin_nswr/install/nswr_ouster/lib/python3.10/site-packages/nswr_ouster/nswr_ouster.py to nswr_ouster.cpython-310.pyc
[1.069s] running install_data
[1.070s] running install_egg_info
[1.072s] removing '/home/daria/catkin_nswr/install/nswr_ouster/lib/python3.10/site-packages/nswr_ouster-0.0.0-py3.10.egg-info' (and everything under it)
[1.072s] Copying ../../build/nswr_ouster/nswr_ouster.egg-info to /home/daria/catkin_nswr/install/nswr_ouster/lib/python3.10/site-packages/nswr_ouster-0.0.0-py3.10.egg-info
[1.072s] running install_scripts
[1.092s] Installing nswr_ouster script to /home/daria/catkin_nswr/install/nswr_ouster/lib/nswr_ouster
[1.092s] writing list of installed files to '/home/daria/catkin_nswr/build/nswr_ouster/install.log'
[1.117s] Invoked command in '/home/daria/catkin_nswr/src/nswr_ouster' returned '0': PYTHONPATH=/home/daria/catkin_nswr/build/nswr_ouster/prefix_override:/home/daria/catkin_nswr/install/nswr_ouster/lib/python3.10/site-packages:${PYTHONPATH} /usr/bin/python3 -W ignore:setup.py install is deprecated setup.py egg_info --egg-base ../../build/nswr_ouster build --build-base /home/daria/catkin_nswr/build/nswr_ouster/build install --record /home/daria/catkin_nswr/build/nswr_ouster/install.log --single-version-externally-managed install_data
